

*******************************************************************************
Thu Feb 19 05:19:54 2015


FIT:    data read from 'sample1.dat' using 1:2:(1+sqrt($2+1))
        format = x:z:s
        #datapoints = 20
function used for fitting: f(x)
fitted parameters initialized with current variable values



 Iteration 0
 WSSR        : 744955            delta(WSSR)/WSSR   : 0
 delta(WSSR) : 0                 limit for stopping : 1e-05
 lambda	  : 57.9872

initial set of free parameter values

m               = 6.59887

After 8 iterations the fit converged.
final sum of squares of residuals : 718934
rel. change during last iteration : -2.18908e-06

degrees of freedom    (FIT_NDF)                        : 19
rms of residuals      (FIT_STDFIT) = sqrt(WSSR/ndf)    : 194.522
variance of residuals (reduced chisquare) = WSSR/ndf   : 37838.6

Final set of parameters            Asymptotic Standard Error
=======================            ==========================

m               = 7.54334          +/- 0.7687       (10.19%)


correlation matrix of the fit parameters:

               m      
m               1.000 


*******************************************************************************
Thu Feb 19 05:23:18 2015


FIT:    data read from 'sample1.dat' using 1:2:(1+sqrt($2+1))
        format = x:z:s
        #datapoints = 20
function used for fitting: f(x)
fitted parameters initialized with current variable values



 Iteration 0
 WSSR        : 744955            delta(WSSR)/WSSR   : 0
 delta(WSSR) : 0                 limit for stopping : 1e-05
 lambda	  : 57.9872

initial set of free parameter values

m               = 6.59887

After 8 iterations the fit converged.
final sum of squares of residuals : 718934
rel. change during last iteration : -2.18908e-06

degrees of freedom    (FIT_NDF)                        : 19
rms of residuals      (FIT_STDFIT) = sqrt(WSSR/ndf)    : 194.522
variance of residuals (reduced chisquare) = WSSR/ndf   : 37838.6

Final set of parameters            Asymptotic Standard Error
=======================            ==========================

m               = 7.54334          +/- 0.7687       (10.19%)


correlation matrix of the fit parameters:

               m      
m               1.000 


*******************************************************************************
Thu Feb 19 05:26:15 2015


FIT:    data read from 'sample11.dat' using 1:2:(1+sqrt($2+1))
        format = x:z:s
        #datapoints = 20
function used for fitting: f(x)
fitted parameters initialized with current variable values



 Iteration 0
 WSSR        : 2.0578e+07        delta(WSSR)/WSSR   : 0
 delta(WSSR) : 0                 limit for stopping : 1e-05
 lambda	  : 1211.76

initial set of free parameter values

m               = 0.1

After 9 iterations the fit converged.
final sum of squares of residuals : 93382.6
rel. change during last iteration : -3.54567e-06

degrees of freedom    (FIT_NDF)                        : 19
rms of residuals      (FIT_STDFIT) = sqrt(WSSR/ndf)    : 70.1061
variance of residuals (reduced chisquare) = WSSR/ndf   : 4914.87

Final set of parameters            Asymptotic Standard Error
=======================            ==========================

m               = 6.86133          +/- 0.5878       (8.567%)


correlation matrix of the fit parameters:

               m      
m               1.000 


*******************************************************************************
Thu Feb 19 05:28:44 2015


FIT:    data read from 'sample1.dat' using 1:2:(1+sqrt($2+1))
        format = x:z:s
        #datapoints = 20
function used for fitting: f(x)
fitted parameters initialized with current variable values



 Iteration 0
 WSSR        : 206761            delta(WSSR)/WSSR   : 0
 delta(WSSR) : 0                 limit for stopping : 1e-05
 lambda	  : 136.206

initial set of free parameter values

m               = 0.1

After 16 iterations the fit converged.
final sum of squares of residuals : 6426.98
rel. change during last iteration : -2.40098e-06

degrees of freedom    (FIT_NDF)                        : 19
rms of residuals      (FIT_STDFIT) = sqrt(WSSR/ndf)    : 18.3919
variance of residuals (reduced chisquare) = WSSR/ndf   : 338.262

Final set of parameters            Asymptotic Standard Error
=======================            ==========================

m               = 7.47208          +/- 0.7267       (9.726%)


correlation matrix of the fit parameters:

               m      
m               1.000 


*******************************************************************************
Thu Feb 19 05:30:08 2015


FIT:    data read from 'sample1.dat' using 1:2:(1+sqrt($2+1))
        format = x:z:s
        #datapoints = 20
function used for fitting: f(x)
fitted parameters initialized with current variable values



 Iteration 0
 WSSR        : 206761            delta(WSSR)/WSSR   : 0
 delta(WSSR) : 0                 limit for stopping : 1e-05
 lambda	  : 96.3125

initial set of free parameter values

m               = 0.1
N               = 1000

After 10 iterations the fit converged.
final sum of squares of residuals : 5.92681
rel. change during last iteration : -8.89907e-07

degrees of freedom    (FIT_NDF)                        : 18
rms of residuals      (FIT_STDFIT) = sqrt(WSSR/ndf)    : 0.573818
variance of residuals (reduced chisquare) = WSSR/ndf   : 0.329267

Final set of parameters            Asymptotic Standard Error
=======================            ==========================

m               = 6.77925          +/- 0.3667       (5.41%)
N               = 61.2376          +/- 6.68         (10.91%)


correlation matrix of the fit parameters:

               m      N      
m               1.000 
N               0.100  1.000 


*******************************************************************************
Thu Feb 19 05:30:51 2015


FIT:    data read from 'sample1.dat' using 1:2:(1+sqrt($2+1))
        format = x:z:s
        #datapoints = 20
function used for fitting: f(x)
fitted parameters initialized with current variable values



 Iteration 0
 WSSR        : 206288            delta(WSSR)/WSSR   : 0
 delta(WSSR) : 0                 limit for stopping : 1e-05
 lambda	  : 85.6845

initial set of free parameter values

m               = 0.1
N               = 1000

After 10 iterations the fit converged.
final sum of squares of residuals : 10.9309
rel. change during last iteration : -3.7166e-07

degrees of freedom    (FIT_NDF)                        : 18
rms of residuals      (FIT_STDFIT) = sqrt(WSSR/ndf)    : 0.779278
variance of residuals (reduced chisquare) = WSSR/ndf   : 0.607274

Final set of parameters            Asymptotic Standard Error
=======================            ==========================

m               = 6.74882          +/- 0.0915       (1.356%)
N               = 713.558          +/- 23.68        (3.319%)


correlation matrix of the fit parameters:

               m      N      
m               1.000 
N               0.040  1.000 


*******************************************************************************
Thu Feb 19 05:31:37 2015


FIT:    data read from 'sample1.dat' using 1:2:(1+sqrt($2+1))
        format = x:z:s
        #datapoints = 20
function used for fitting: f(x)
fitted parameters initialized with current variable values



 Iteration 0
 WSSR        : 206288            delta(WSSR)/WSSR   : 0
 delta(WSSR) : 0                 limit for stopping : 1e-05
 lambda	  : 85.6845

initial set of free parameter values

m               = 0.1
N               = 1000

After 10 iterations the fit converged.
final sum of squares of residuals : 10.9309
rel. change during last iteration : -3.7166e-07

degrees of freedom    (FIT_NDF)                        : 18
rms of residuals      (FIT_STDFIT) = sqrt(WSSR/ndf)    : 0.779278
variance of residuals (reduced chisquare) = WSSR/ndf   : 0.607274

Final set of parameters            Asymptotic Standard Error
=======================            ==========================

m               = 6.74882          +/- 0.0915       (1.356%)
N               = 713.558          +/- 23.68        (3.319%)


correlation matrix of the fit parameters:

               m      N      
m               1.000 
N               0.040  1.000 


*******************************************************************************
Thu Feb 19 05:32:53 2015


FIT:    data read from 'sample1.dat' using 1:2:(1+sqrt($2+1))
        format = x:z:s
        #datapoints = 20
function used for fitting: f(x)
fitted parameters initialized with current variable values



 Iteration 0
 WSSR        : 94272.7           delta(WSSR)/WSSR   : 0
 delta(WSSR) : 0                 limit for stopping : 1e-05
 lambda	  : 19.001

initial set of free parameter values

m               = 6.59887
N               = 10000

After 8 iterations the fit converged.
final sum of squares of residuals : 10.9309
rel. change during last iteration : -3.30703e-07

degrees of freedom    (FIT_NDF)                        : 18
rms of residuals      (FIT_STDFIT) = sqrt(WSSR/ndf)    : 0.779278
variance of residuals (reduced chisquare) = WSSR/ndf   : 0.607275

Final set of parameters            Asymptotic Standard Error
=======================            ==========================

m               = 6.74904          +/- 0.0915       (1.356%)
N               = 713.558          +/- 23.68        (3.319%)


correlation matrix of the fit parameters:

               m      N      
m               1.000 
N               0.040  1.000 


*******************************************************************************
Thu Feb 19 05:33:03 2015


FIT:    data read from 'sample1.dat' using 1:2:(1+sqrt($2+1))
        format = x:z:s
        #datapoints = 20
function used for fitting: f(x)
fitted parameters initialized with current variable values



 Iteration 0
 WSSR        : 2.0578e+07        delta(WSSR)/WSSR   : 0
 delta(WSSR) : 0                 limit for stopping : 1e-05
 lambda	  : 856.845

initial set of free parameter values

m               = 0.1
N               = 10000

After 11 iterations the fit converged.
final sum of squares of residuals : 10.9309
rel. change during last iteration : -3.9594e-10

degrees of freedom    (FIT_NDF)                        : 18
rms of residuals      (FIT_STDFIT) = sqrt(WSSR/ndf)    : 0.779278
variance of residuals (reduced chisquare) = WSSR/ndf   : 0.607274

Final set of parameters            Asymptotic Standard Error
=======================            ==========================

m               = 6.74887          +/- 0.0915       (1.356%)
N               = 713.556          +/- 23.68        (3.319%)


correlation matrix of the fit parameters:

               m      N      
m               1.000 
N               0.040  1.000 


*******************************************************************************
Thu Feb 19 05:34:18 2015


FIT:    data read from 'sample1.dat' using 1:2:(1+sqrt($2+1))
        format = x:z:s
        #datapoints = 20
function used for fitting: f(x)
fitted parameters initialized with current variable values



 Iteration 0
 WSSR        : 2.0578e+07        delta(WSSR)/WSSR   : 0
 delta(WSSR) : 0                 limit for stopping : 1e-05
 lambda	  : 856.845

initial set of free parameter values

m               = 0.1
N               = 10000

After 11 iterations the fit converged.
final sum of squares of residuals : 10.9309
rel. change during last iteration : -3.9594e-10

degrees of freedom    (FIT_NDF)                        : 18
rms of residuals      (FIT_STDFIT) = sqrt(WSSR/ndf)    : 0.779278
variance of residuals (reduced chisquare) = WSSR/ndf   : 0.607274

Final set of parameters            Asymptotic Standard Error
=======================            ==========================

m               = 6.74887          +/- 0.0915       (1.356%)
N               = 713.556          +/- 23.68        (3.319%)


correlation matrix of the fit parameters:

               m      N      
m               1.000 
N               0.040  1.000 


*******************************************************************************
Thu Feb 19 05:36:39 2015


FIT:    data read from 'sample3.dat' using 1:2:(1+sqrt($2+1))
        format = x:z:s
        #datapoints = 20
function used for fitting: f(x)
fitted parameters initialized with current variable values



 Iteration 0
 WSSR        : 105762            delta(WSSR)/WSSR   : 0
 delta(WSSR) : 0                 limit for stopping : 1e-05
 lambda	  : 171.293

initial set of free parameter values

m               = 0.1
N               = 10000

After 9 iterations the fit converged.
final sum of squares of residuals : 0.822437
rel. change during last iteration : -5.31932e-07

degrees of freedom    (FIT_NDF)                        : 18
rms of residuals      (FIT_STDFIT) = sqrt(WSSR/ndf)    : 0.213754
variance of residuals (reduced chisquare) = WSSR/ndf   : 0.0456909

Final set of parameters            Asymptotic Standard Error
=======================            ==========================

m               = 0.0749251        +/- 0.002581     (3.445%)
N               = 737.717          +/- 6.088        (0.8252%)


correlation matrix of the fit parameters:

               m      N      
m               1.000 
N               0.063  1.000 


*******************************************************************************
Thu Feb 19 05:38:28 2015


FIT:    data read from 'sample1.dat' using 1:2:(1+sqrt($2+1))
        format = x:z:s
        #datapoints = 20
function used for fitting: f(x)
fitted parameters initialized with current variable values



 Iteration 0
 WSSR        : 2.0578e+07        delta(WSSR)/WSSR   : 0
 delta(WSSR) : 0                 limit for stopping : 1e-05
 lambda	  : 856.845

initial set of free parameter values

m               = 0.1
N               = 10000

After 11 iterations the fit converged.
final sum of squares of residuals : 10.9309
rel. change during last iteration : -3.9594e-10

degrees of freedom    (FIT_NDF)                        : 18
rms of residuals      (FIT_STDFIT) = sqrt(WSSR/ndf)    : 0.779278
variance of residuals (reduced chisquare) = WSSR/ndf   : 0.607274

Final set of parameters            Asymptotic Standard Error
=======================            ==========================

m               = 6.74887          +/- 0.0915       (1.356%)
N               = 713.556          +/- 23.68        (3.319%)


correlation matrix of the fit parameters:

               m      N      
m               1.000 
N               0.040  1.000 


*******************************************************************************
Thu Feb 19 05:40:53 2015


FIT:    data read from 'sample2_700.dat' using 1:2:(1+sqrt($2+1))
        format = x:z:s
        #datapoints = 20
function used for fitting: f(x)
fitted parameters initialized with current variable values



 Iteration 0
 WSSR        : 1.29389e+06       delta(WSSR)/WSSR   : 0
 delta(WSSR) : 0                 limit for stopping : 1e-05
 lambda	  : 211.225

initial set of free parameter values

m               = 0.1
N               = 10000

After 8 iterations the fit converged.
final sum of squares of residuals : 2.35854
rel. change during last iteration : -1.78143e-07

degrees of freedom    (FIT_NDF)                        : 18
rms of residuals      (FIT_STDFIT) = sqrt(WSSR/ndf)    : 0.361981
variance of residuals (reduced chisquare) = WSSR/ndf   : 0.13103

Final set of parameters            Asymptotic Standard Error
=======================            ==========================

m               = 2.68464          +/- 0.02718      (1.012%)
N               = 668.312          +/- 10.38        (1.553%)


correlation matrix of the fit parameters:

               m      N      
m               1.000 
N               0.049  1.000 


*******************************************************************************
Thu Feb 19 05:42:04 2015


FIT:    data read from 'sample2_700.dat' using 1:2:(1+sqrt($2+1))
        format = x:z:s
        #datapoints = 20
function used for fitting: f(x)
fitted parameters initialized with current variable values



 Iteration 0
 WSSR        : 1.29389e+06       delta(WSSR)/WSSR   : 0
 delta(WSSR) : 0                 limit for stopping : 1e-05
 lambda	  : 211.225

initial set of free parameter values

m               = 0.1
N               = 10000

After 8 iterations the fit converged.
final sum of squares of residuals : 2.35854
rel. change during last iteration : -1.78143e-07

degrees of freedom    (FIT_NDF)                        : 18
rms of residuals      (FIT_STDFIT) = sqrt(WSSR/ndf)    : 0.361981
variance of residuals (reduced chisquare) = WSSR/ndf   : 0.13103

Final set of parameters            Asymptotic Standard Error
=======================            ==========================

m               = 2.68464          +/- 0.02718      (1.012%)
N               = 668.312          +/- 10.38        (1.553%)


correlation matrix of the fit parameters:

               m      N      
m               1.000 
N               0.049  1.000 


*******************************************************************************
Thu Feb 19 05:42:09 2015


FIT:    data read from 'sample2_700.dat' using 1:2:(1+sqrt($2+1))
        format = x:z:s
        #datapoints = 20
function used for fitting: f(x)
fitted parameters initialized with current variable values



 Iteration 0
 WSSR        : 1.29389e+06       delta(WSSR)/WSSR   : 0
 delta(WSSR) : 0                 limit for stopping : 1e-05
 lambda	  : 211.225

initial set of free parameter values

m               = 0.1
N               = 10000

After 8 iterations the fit converged.
final sum of squares of residuals : 2.35854
rel. change during last iteration : -1.78143e-07

degrees of freedom    (FIT_NDF)                        : 18
rms of residuals      (FIT_STDFIT) = sqrt(WSSR/ndf)    : 0.361981
variance of residuals (reduced chisquare) = WSSR/ndf   : 0.13103

Final set of parameters            Asymptotic Standard Error
=======================            ==========================

m               = 2.68464          +/- 0.02718      (1.012%)
N               = 668.312          +/- 10.38        (1.553%)


correlation matrix of the fit parameters:

               m      N      
m               1.000 
N               0.049  1.000 


*******************************************************************************
Thu Feb 19 05:43:54 2015


FIT:    data read from 'sample2_1985.dat' using 1:2:(1+sqrt($2+1))
        format = x:z:s
        #datapoints = 20
function used for fitting: f(x)
fitted parameters initialized with current variable values



 Iteration 0
 WSSR        : 846031            delta(WSSR)/WSSR   : 0
 delta(WSSR) : 0                 limit for stopping : 1e-05
 lambda	  : 175.597

initial set of free parameter values

m               = 0.1
N               = 10000

After 9 iterations the fit converged.
final sum of squares of residuals : 3.10781
rel. change during last iteration : -2.93837e-08

degrees of freedom    (FIT_NDF)                        : 18
rms of residuals      (FIT_STDFIT) = sqrt(WSSR/ndf)    : 0.415519
variance of residuals (reduced chisquare) = WSSR/ndf   : 0.172656

Final set of parameters            Asymptotic Standard Error
=======================            ==========================

m               = 2.26839          +/- 0.02854      (1.258%)
N               = 680.969          +/- 11.96        (1.757%)


correlation matrix of the fit parameters:

               m      N      
m               1.000 
N               0.053  1.000 


*******************************************************************************
Thu Feb 19 05:44:24 2015


FIT:    data read from 'sample2_1985.dat' using 1:2:(1+sqrt($2+1))
        format = x:z:s
        #datapoints = 20
function used for fitting: f(x)
fitted parameters initialized with current variable values



 Iteration 0
 WSSR        : 846031            delta(WSSR)/WSSR   : 0
 delta(WSSR) : 0                 limit for stopping : 1e-05
 lambda	  : 175.597

initial set of free parameter values

m               = 0.1
N               = 10000

After 9 iterations the fit converged.
final sum of squares of residuals : 3.10781
rel. change during last iteration : -2.93837e-08

degrees of freedom    (FIT_NDF)                        : 18
rms of residuals      (FIT_STDFIT) = sqrt(WSSR/ndf)    : 0.415519
variance of residuals (reduced chisquare) = WSSR/ndf   : 0.172656

Final set of parameters            Asymptotic Standard Error
=======================            ==========================

m               = 2.26839          +/- 0.02854      (1.258%)
N               = 680.969          +/- 11.96        (1.757%)


correlation matrix of the fit parameters:

               m      N      
m               1.000 
N               0.053  1.000 


*******************************************************************************
Thu Feb 19 05:48:21 2015


FIT:    data read from 'sample2_1985.dat' using 1:2:(1+sqrt($2+1))
        format = x:z:s
        #datapoints = 20
function used for fitting: f(x)
fitted parameters initialized with current variable values



 Iteration 0
 WSSR        : 846031            delta(WSSR)/WSSR   : 0
 delta(WSSR) : 0                 limit for stopping : 1e-05
 lambda	  : 175.597

initial set of free parameter values

m               = 0.1
N               = 10000

After 9 iterations the fit converged.
final sum of squares of residuals : 3.10781
rel. change during last iteration : -2.93837e-08

degrees of freedom    (FIT_NDF)                        : 18
rms of residuals      (FIT_STDFIT) = sqrt(WSSR/ndf)    : 0.415519
variance of residuals (reduced chisquare) = WSSR/ndf   : 0.172656

Final set of parameters            Asymptotic Standard Error
=======================            ==========================

m               = 2.26839          +/- 0.02854      (1.258%)
N               = 680.969          +/- 11.96        (1.757%)


correlation matrix of the fit parameters:

               m      N      
m               1.000 
N               0.053  1.000 


*******************************************************************************
Thu Feb 19 05:49:37 2015


FIT:    data read from 'sample2_1985.dat' using 1:2:(1+sqrt($2+1))
        format = x:z:s
        #datapoints = 20
function used for fitting: f(x)
fitted parameters initialized with current variable values



 Iteration 0
 WSSR        : 846031            delta(WSSR)/WSSR   : 0
 delta(WSSR) : 0                 limit for stopping : 1e-05
 lambda	  : 175.597

initial set of free parameter values

m               = 0.1
N               = 10000

After 9 iterations the fit converged.
final sum of squares of residuals : 3.10781
rel. change during last iteration : -2.93837e-08

degrees of freedom    (FIT_NDF)                        : 18
rms of residuals      (FIT_STDFIT) = sqrt(WSSR/ndf)    : 0.415519
variance of residuals (reduced chisquare) = WSSR/ndf   : 0.172656

Final set of parameters            Asymptotic Standard Error
=======================            ==========================

m               = 2.26839          +/- 0.02854      (1.258%)
N               = 680.969          +/- 11.96        (1.757%)


correlation matrix of the fit parameters:

               m      N      
m               1.000 
N               0.053  1.000 


*******************************************************************************
Thu Feb 19 05:52:19 2015


FIT:    data read from 'sample3.dat' using 1:2:(1+sqrt($2+1))
        format = x:z:s
        #datapoints = 20
function used for fitting: f(x)
fitted parameters initialized with current variable values



 Iteration 0
 WSSR        : 105762            delta(WSSR)/WSSR   : 0
 delta(WSSR) : 0                 limit for stopping : 1e-05
 lambda	  : 171.293

initial set of free parameter values

m               = 0.1
N               = 10000

After 9 iterations the fit converged.
final sum of squares of residuals : 0.822437
rel. change during last iteration : -5.31932e-07

degrees of freedom    (FIT_NDF)                        : 18
rms of residuals      (FIT_STDFIT) = sqrt(WSSR/ndf)    : 0.213754
variance of residuals (reduced chisquare) = WSSR/ndf   : 0.0456909

Final set of parameters            Asymptotic Standard Error
=======================            ==========================

m               = 0.0749251        +/- 0.002581     (3.445%)
N               = 737.717          +/- 6.088        (0.8252%)


correlation matrix of the fit parameters:

               m      N      
m               1.000 
N               0.063  1.000 
