

*******************************************************************************
Thu Jan 15 06:52:27 2015


FIT:    data read from 'pi.dat' u 1:3
        format = x:z
        #datapoints = 13
        residuals are weighted equally (unit weight)

function used for fitting: f(x)
fitted parameters initialized with current variable values



 Iteration 0
 WSSR        : 0.0207646         delta(WSSR)/WSSR   : 0
 delta(WSSR) : 0                 limit for stopping : 1e-05
 lambda	  : 0.345283

initial set of free parameter values

a               = 1

After 3 iterations the fit converged.
final sum of squares of residuals : 0.00453755
rel. change during last iteration : -1.07797e-08

degrees of freedom    (FIT_NDF)                        : 12
rms of residuals      (FIT_STDFIT) = sqrt(WSSR/ndf)    : 0.0194455
variance of residuals (reduced chisquare) = WSSR/ndf   : 0.000378129

Final set of parameters            Asymptotic Standard Error
=======================            ==========================

a               = 0.897677         +/- 0.01562      (1.74%)


correlation matrix of the fit parameters:

               a      
a               1.000 


*******************************************************************************
Thu Jan 15 06:53:30 2015


FIT:    data read from 'pi.dat' u 1:3
        format = x:z
        #datapoints = 13
        residuals are weighted equally (unit weight)

function used for fitting: f(x)
fitted parameters initialized with current variable values



 Iteration 0
 WSSR        : 0.00453755        delta(WSSR)/WSSR   : 0
 delta(WSSR) : 0                 limit for stopping : 1e-05
 lambda	  : 0.345283

initial set of free parameter values

a               = 0.897677

After 1 iterations the fit converged.
final sum of squares of residuals : 0.00453755
rel. change during last iteration : -5.73456e-16

degrees of freedom    (FIT_NDF)                        : 12
rms of residuals      (FIT_STDFIT) = sqrt(WSSR/ndf)    : 0.0194455
variance of residuals (reduced chisquare) = WSSR/ndf   : 0.000378129

Final set of parameters            Asymptotic Standard Error
=======================            ==========================

a               = 0.897677         +/- 0.01562      (1.74%)


correlation matrix of the fit parameters:

               a      
a               1.000 
