This is pdfTeX, Version 3.1415926-2.5-1.40.14 (TeX Live 2013/TeX Live for SUSE Linux) (format=pdflatex 2015.2.6)  19 FEB 2015 12:13
entering extended mode
 restricted \write18 enabled.
 %&-line parsing enabled.
**lab6.tex
(./lab6.tex
LaTeX2e <2011/06/27>
Babel <3.9f> and hyphenation patterns for 78 languages loaded.
(/usr/share/texmf/tex/latex/base/article.cls
Document Class: article 2007/10/19 v1.4h Standard LaTeX document class
(/usr/share/texmf/tex/latex/base/size11.clo
File: size11.clo 2007/10/19 v1.4h Standard LaTeX file (size option)
)
\c@part=\count79
\c@section=\count80
\c@subsection=\count81
\c@subsubsection=\count82
\c@paragraph=\count83
\c@subparagraph=\count84
\c@figure=\count85
\c@table=\count86
\abovecaptionskip=\skip41
\belowcaptionskip=\skip42
\bibindent=\dimen102
)
(/usr/share/texmf/tex/latex/graphics/graphicx.sty
Package: graphicx 1999/02/16 v1.0f Enhanced LaTeX Graphics (DPC,SPQR)

(/usr/share/texmf/tex/latex/graphics/keyval.sty
Package: keyval 1999/03/16 v1.13 key=value parser (DPC)
\KV@toks@=\toks14
)
(/usr/share/texmf/tex/latex/graphics/graphics.sty
Package: graphics 2009/02/05 v1.0o Standard LaTeX Graphics (DPC,SPQR)

(/usr/share/texmf/tex/latex/graphics/trig.sty
Package: trig 1999/03/16 v1.09 sin cos tan (DPC)
)
(/usr/share/texmf/tex/latex/latexconfig/graphics.cfg
File: graphics.cfg 2010/04/23 v1.9 graphics configuration of TeX Live
)
Package graphics Info: Driver file: pdftex.def on input line 91.

(/usr/share/texmf/tex/latex/pdftex-def/pdftex.def
File: pdftex.def 2011/05/27 v0.06d Graphics/color for pdfTeX

(/usr/share/texmf/tex/generic/oberdiek/infwarerr.sty
Package: infwarerr 2010/04/08 v1.3 Providing info/warning/error messages (HO)
)
(/usr/share/texmf/tex/generic/oberdiek/ltxcmds.sty
Package: ltxcmds 2011/11/09 v1.22 LaTeX kernel commands for general use (HO)
)
\Gread@gobject=\count87
))
\Gin@req@height=\dimen103
\Gin@req@width=\dimen104
)
(/usr/share/texmf/tex/latex/float/float.sty
Package: float 2001/11/08 v1.3d Float enhancements (AL)
\c@float@type=\count88
\float@exts=\toks15
\float@box=\box26
\@float@everytoks=\toks16
\@floatcapt=\box27
) (./lab6.aux)
\openout1 = `lab6.aux'.

LaTeX Font Info:    Checking defaults for OML/cmm/m/it on input line 27.
LaTeX Font Info:    ... okay on input line 27.
LaTeX Font Info:    Checking defaults for T1/cmr/m/n on input line 27.
LaTeX Font Info:    ... okay on input line 27.
LaTeX Font Info:    Checking defaults for OT1/cmr/m/n on input line 27.
LaTeX Font Info:    ... okay on input line 27.
LaTeX Font Info:    Checking defaults for OMS/cmsy/m/n on input line 27.
LaTeX Font Info:    ... okay on input line 27.
LaTeX Font Info:    Checking defaults for OMX/cmex/m/n on input line 27.
LaTeX Font Info:    ... okay on input line 27.
LaTeX Font Info:    Checking defaults for U/cmr/m/n on input line 27.
LaTeX Font Info:    ... okay on input line 27.

(/usr/share/texmf/tex/context/base/supp-pdf.mkii
[Loading MPS to PDF converter (version 2006.09.02).]
\scratchcounter=\count89
\scratchdimen=\dimen105
\scratchbox=\box28
\nofMPsegments=\count90
\nofMParguments=\count91
\everyMPshowfont=\toks17
\MPscratchCnt=\count92
\MPscratchDim=\dimen106
\MPnumerator=\count93
\makeMPintoPDFobject=\count94
\everyMPtoPDFconversion=\toks18
) (/usr/share/texmf/tex/generic/oberdiek/pdftexcmds.sty
Package: pdftexcmds 2011/11/29 v0.20 Utility functions of pdfTeX for LuaTeX (HO
)

(/usr/share/texmf/tex/generic/oberdiek/ifluatex.sty
Package: ifluatex 2010/03/01 v1.3 Provides the ifluatex switch (HO)
Package ifluatex Info: LuaTeX not detected.
)
(/usr/share/texmf/tex/generic/oberdiek/ifpdf.sty
Package: ifpdf 2011/01/30 v2.3 Provides the ifpdf switch (HO)
Package ifpdf Info: pdfTeX in PDF mode is detected.
)
Package pdftexcmds Info: LuaTeX not detected.
Package pdftexcmds Info: \pdf@primitive is available.
Package pdftexcmds Info: \pdf@ifprimitive is available.
Package pdftexcmds Info: \pdfdraftmode found.
)
(/usr/share/texmf/tex/latex/oberdiek/epstopdf-base.sty
Package: epstopdf-base 2010/02/09 v2.5 Base part for package epstopdf

(/usr/share/texmf/tex/latex/oberdiek/grfext.sty
Package: grfext 2010/08/19 v1.1 Manage graphics extensions (HO)

(/usr/share/texmf/tex/generic/oberdiek/kvdefinekeys.sty
Package: kvdefinekeys 2011/04/07 v1.3 Define keys (HO)
))
(/usr/share/texmf/tex/latex/oberdiek/kvoptions.sty
Package: kvoptions 2011/06/30 v3.11 Key value format for package options (HO)

(/usr/share/texmf/tex/generic/oberdiek/kvsetkeys.sty
Package: kvsetkeys 2012/04/25 v1.16 Key value parser (HO)

(/usr/share/texmf/tex/generic/oberdiek/etexcmds.sty
Package: etexcmds 2011/02/16 v1.5 Avoid name clashes with e-TeX commands (HO)
Package etexcmds Info: Could not find \expanded.
(etexcmds)             That can mean that you are not using pdfTeX 1.50 or
(etexcmds)             that some package has redefined \expanded.
(etexcmds)             In the latter case, load this package earlier.
)))
Package grfext Info: Graphics extension search list:
(grfext)             [.png,.pdf,.jpg,.mps,.jpeg,.jbig2,.jb2,.PNG,.PDF,.JPG,.JPE
G,.JBIG2,.JB2,.eps]
(grfext)             \AppendGraphicsExtensions on input line 452.

(/usr/share/texmf/tex/latex/latexconfig/epstopdf-sys.cfg
File: epstopdf-sys.cfg 2010/07/13 v1.3 Configuration of (r)epstopdf for TeX Liv
e
))
LaTeX Font Info:    External font `cmex10' loaded for size
(Font)              <12> on input line 50.
LaTeX Font Info:    External font `cmex10' loaded for size
(Font)              <8> on input line 50.
LaTeX Font Info:    External font `cmex10' loaded for size
(Font)              <6> on input line 50.
LaTeX Font Info:    External font `cmex10' loaded for size
(Font)              <7> on input line 83.
LaTeX Font Info:    External font `cmex10' loaded for size
(Font)              <5> on input line 83.
 [1

{/usr/share/texmf/fonts/map/pdftex/updmap/pdftex.map}]
Underfull \hbox (badness 10000) in paragraph at lines 100--102

 []

<portion0_10000.png, id=15, 702.625pt x 526.96875pt>
File: portion0_10000.png Graphic file (type png)
 <use portion0_10000.png>
Package pdftex.def Info: portion0_10000.png used on input line 128.
(pdftex.def)             Requested size: 271.0125pt x 203.26553pt.

<meteorhistogram.png, id=16, 702.625pt x 526.96875pt>
File: meteorhistogram.png Graphic file (type png)

<use meteorhistogram.png>
Package pdftex.def Info: meteorhistogram.png used on input line 135.
(pdftex.def)             Requested size: 271.0125pt x 203.26553pt.
 [2 <./portion0_10000.png>]
<histwitherr.png, id=23, 702.625pt x 526.96875pt>
File: histwitherr.png Graphic file (type png)
 <use histwitherr.png>
Package pdftex.def Info: histwitherr.png used on input line 142.
(pdftex.def)             Requested size: 271.0125pt x 203.26553pt.

<decayfit.png, id=24, 702.625pt x 526.96875pt>
File: decayfit.png Graphic file (type png)
 <use decayfit.png>
Package pdftex.def Info: decayfit.png used on input line 150.
(pdftex.def)             Requested size: 271.0125pt x 203.26553pt.
 [3 <./meteorhistogram.png> <./histwitherr.png>]
<unstabledecaynozoom_1000.png, id=28, 702.625pt x 526.96875pt>
File: unstabledecaynozoom_1000.png Graphic file (type png)

<use unstabledecaynozoom_1000.png>
Package pdftex.def Info: unstabledecaynozoom_1000.png used on input line 157.
(pdftex.def)             Requested size: 271.0125pt x 203.26553pt.

<unstabledecayn_1000_withr.png, id=29, 702.625pt x 526.96875pt>
File: unstabledecayn_1000_withr.png Graphic file (type png)

<use unstabledecayn_1000_withr.png>
Package pdftex.def Info: unstabledecayn_1000_withr.png used on input line 164.
(pdftex.def)             Requested size: 271.0125pt x 203.26553pt.
 [4 <./decayfit.png> <./unstabledecaynozoom_1000.png>] <unstabledecaybin5s.png,
 id=33, 702.625pt x 526.96875pt>
File: unstabledecaybin5s.png Graphic file (type png)

<use unstabledecaybin5s.png>
Package pdftex.def Info: unstabledecaybin5s.png used on input line 171.
(pdftex.def)             Requested size: 271.0125pt x 203.26553pt.

<unstabledecaybin20s.png, id=34, 702.625pt x 526.96875pt>
File: unstabledecaybin20s.png Graphic file (type png)

<use unstabledecaybin20s.png>
Package pdftex.def Info: unstabledecaybin20s.png used on input line 178.
(pdftex.def)             Requested size: 271.0125pt x 203.26553pt.
 [5 <./unstabledecayn_1000_withr.png> <./unstabledecaybin5s.png>] <sample1_1000
0trials.png, id=38, 702.625pt x 526.96875pt>
File: sample1_10000trials.png Graphic file (type png)

<use sample1_10000trials.png>
Package pdftex.def Info: sample1_10000trials.png used on input line 185.
(pdftex.def)             Requested size: 271.0125pt x 203.26553pt.

<sample2_10000trials.png, id=39, 702.625pt x 526.96875pt>
File: sample2_10000trials.png Graphic file (type png)

<use sample2_10000trials.png>
Package pdftex.def Info: sample2_10000trials.png used on input line 192.
(pdftex.def)             Requested size: 271.0125pt x 203.26553pt.
 [6 <./unstabledecaybin20s.png> <./sample1_10000trials.png>] <sample3_10000tria
ls.png, id=43, 702.625pt x 526.96875pt>
File: sample3_10000trials.png Graphic file (type png)

<use sample3_10000trials.png>
Package pdftex.def Info: sample3_10000trials.png used on input line 199.
(pdftex.def)             Requested size: 271.0125pt x 203.26553pt.
LaTeX Font Info:    External font `cmex10' loaded for size
(Font)              <10.95> on input line 206.
 [7 <./sample2_10000trials.png> <./sample3_10000trials.png>]
Overfull \hbox (10.19025pt too wide) in paragraph at lines 245--252
[]\OT1/cmr/m/n/10 Finally, we sim-u-lated a Pois-son pro-cess in or-der to cal-
cu-late the age of cer-tain ob-jects/materials.
 []

[8]
Underfull \hbox (badness 10000) in paragraph at lines 281--284

 []


Underfull \hbox (badness 10000) in paragraph at lines 284--286

 []


Underfull \hbox (badness 10000) in paragraph at lines 286--288

 []

[9] (./lab6.aux) ) 
Here is how much of TeX's memory you used:
 1636 strings out of 493315
 23002 string characters out of 6145894
 84677 words of memory out of 5000000
 5080 multiletter control sequences out of 15000+600000
 10204 words of font info for 35 fonts, out of 8000000 for 9000
 957 hyphenation exceptions out of 8191
 37i,7n,23p,725b,291s stack positions out of 5000i,500n,10000p,200000b,80000s
</usr/share/texmf/fonts/type1/public/amsfonts/cm/cmbx10.pfb><
/usr/share/texmf/fonts/type1/public/amsfonts/cm/cmbx12.pfb></usr/share/texmf/fo
nts/type1/public/amsfonts/cm/cmmi10.pfb></usr/share/texmf/fonts/type1/public/am
sfonts/cm/cmmi7.pfb></usr/share/texmf/fonts/type1/public/amsfonts/cm/cmr10.pfb>
</usr/share/texmf/fonts/type1/public/amsfonts/cm/cmr12.pfb></usr/share/texmf/fo
nts/type1/public/amsfonts/cm/cmr17.pfb></usr/share/texmf/fonts/type1/public/ams
fonts/cm/cmr7.pfb></usr/share/texmf/fonts/type1/public/amsfonts/cm/cmsy10.pfb><
/usr/share/texmf/fonts/type1/public/amsfonts/cm/cmsy7.pfb></usr/share/texmf/fon
ts/type1/public/amsfonts/cm/cmti10.pfb></usr/share/texmf/fonts/type1/public/ams
fonts/cm/cmti12.pfb>
Output written on lab6.pdf (9 pages, 422032 bytes).
PDF statistics:
 93 PDF objects out of 1000 (max. 8388607)
 58 compressed objects within 1 object stream
 0 named destinations out of 1000 (max. 500000)
 56 words of extra memory for PDF output out of 10000 (max. 10000000)

