

*******************************************************************************
Wed Feb 18 16:06:57 2015


FIT:    data read from 'meteor_per_min.dat' using 1:2
        format = x:z
	y range restricted to [-1.00000 : 16.0000]
        #datapoints = 17
        residuals are weighted equally (unit weight)

function used for fitting: f(x)
fitted parameters initialized with current variable values



 Iteration 0
 WSSR        : 2061.34           delta(WSSR)/WSSR   : 0
 delta(WSSR) : 0                 limit for stopping : 1e-05
 lambda	  : 3.50561

initial set of free parameter values

m               = 4
N               = 150

After 15 iterations the fit converged.
final sum of squares of residuals : 403.155
rel. change during last iteration : -4.88826e-06

degrees of freedom    (FIT_NDF)                        : 15
rms of residuals      (FIT_STDFIT) = sqrt(WSSR/ndf)    : 5.1843
variance of residuals (reduced chisquare) = WSSR/ndf   : 26.877

Final set of parameters            Asymptotic Standard Error
=======================            ==========================

m               = 5.81374          +/- 1.035        (17.8%)
N               = 49.6646          +/- 15.24        (30.69%)


correlation matrix of the fit parameters:

               m      N      
m               1.000 
N               0.149  1.000 


*******************************************************************************
Wed Feb 18 16:50:42 2015


FIT:    data read from 'meteorpacks.dat' using 1:2
        format = x:z
	y range restricted to [-1.00000 : 16.0000]
        #datapoints = 15
        residuals are weighted equally (unit weight)

function used for fitting: f(x)
fitted parameters initialized with current variable values



 Iteration 0
 WSSR        : 1534.96           delta(WSSR)/WSSR   : 0
 delta(WSSR) : 0                 limit for stopping : 1e-05
 lambda	  : 3.732

initial set of free parameter values

m               = 4
N               = 150

After 5 iterations the fit converged.
final sum of squares of residuals : 84.0436
rel. change during last iteration : 0

degrees of freedom    (FIT_NDF)                        : 13
rms of residuals      (FIT_STDFIT) = sqrt(WSSR/ndf)    : 2.54262
variance of residuals (reduced chisquare) = WSSR/ndf   : 6.46489

Final set of parameters            Asymptotic Standard Error
=======================            ==========================

m               = 6.25891          +/- 0.1626       (2.598%)
N               = 163.96           +/- 7.612        (4.642%)


correlation matrix of the fit parameters:

               m      N      
m               1.000 
N               0.144  1.000 


*******************************************************************************
Wed Feb 18 17:01:54 2015


FIT:    data read from 'meteorpacks.dat' using 1:2
        format = x:z
	y range restricted to [-1.00000 : 16.0000]
        #datapoints = 15
        residuals are weighted equally (unit weight)

function used for fitting: f(x)
fitted parameters initialized with current variable values



 Iteration 0
 WSSR        : 1534.96           delta(WSSR)/WSSR   : 0
 delta(WSSR) : 0                 limit for stopping : 1e-05
 lambda	  : 3.732

initial set of free parameter values

m               = 4
N               = 150

After 5 iterations the fit converged.
final sum of squares of residuals : 84.0436
rel. change during last iteration : 0

degrees of freedom    (FIT_NDF)                        : 13
rms of residuals      (FIT_STDFIT) = sqrt(WSSR/ndf)    : 2.54262
variance of residuals (reduced chisquare) = WSSR/ndf   : 6.46489

Final set of parameters            Asymptotic Standard Error
=======================            ==========================

m               = 6.25891          +/- 0.1626       (2.598%)
N               = 163.96           +/- 7.612        (4.642%)


correlation matrix of the fit parameters:

               m      N      
m               1.000 
N               0.144  1.000 


*******************************************************************************
Wed Feb 18 17:15:53 2015


FIT:    data read from 'meteorpacks.dat' using 1:2
        format = x:z
	y range restricted to [-1.00000 : 16.0000]
        #datapoints = 15
        residuals are weighted equally (unit weight)

function used for fitting: f(x)
fitted parameters initialized with current variable values



 Iteration 0
 WSSR        : 1534.96           delta(WSSR)/WSSR   : 0
 delta(WSSR) : 0                 limit for stopping : 1e-05
 lambda	  : 3.732

initial set of free parameter values

m               = 4
N               = 150

After 5 iterations the fit converged.
final sum of squares of residuals : 84.0436
rel. change during last iteration : 0

degrees of freedom    (FIT_NDF)                        : 13
rms of residuals      (FIT_STDFIT) = sqrt(WSSR/ndf)    : 2.54262
variance of residuals (reduced chisquare) = WSSR/ndf   : 6.46489

Final set of parameters            Asymptotic Standard Error
=======================            ==========================

m               = 6.25891          +/- 0.1626       (2.598%)
N               = 163.96           +/- 7.612        (4.642%)


correlation matrix of the fit parameters:

               m      N      
m               1.000 
N               0.144  1.000 


*******************************************************************************
Wed Feb 18 17:17:27 2015


FIT:    data read from 'meteorpacks2.dat' using 1:2
        format = x:z
	y range restricted to [-1.00000 : 16.0000]
        #datapoints = 15
        residuals are weighted equally (unit weight)

function used for fitting: f(x)
fitted parameters initialized with current variable values



 Iteration 0
 WSSR        : 1515.98           delta(WSSR)/WSSR   : 0
 delta(WSSR) : 0                 limit for stopping : 1e-05
 lambda	  : 3.732

initial set of free parameter values

m               = 4
N               = 150

After 5 iterations the fit converged.
final sum of squares of residuals : 182.004
rel. change during last iteration : -3.01145e-08

degrees of freedom    (FIT_NDF)                        : 13
rms of residuals      (FIT_STDFIT) = sqrt(WSSR/ndf)    : 3.7417
variance of residuals (reduced chisquare) = WSSR/ndf   : 14.0003

Final set of parameters            Asymptotic Standard Error
=======================            ==========================

m               = 6.04065          +/- 0.2273       (3.762%)
N               = 168.034          +/- 11.1         (6.608%)


correlation matrix of the fit parameters:

               m      N      
m               1.000 
N               0.146  1.000 
