This is pdfTeX, Version 3.1415926-2.5-1.40.14 (TeX Live 2013/TeX Live for SUSE Linux) (format=pdflatex 2015.2.6)  7 MAR 2015 07:52
entering extended mode
 restricted \write18 enabled.
 %&-line parsing enabled.
**lab7.tex
(./lab7.tex
LaTeX2e <2011/06/27>
Babel <3.9f> and hyphenation patterns for 78 languages loaded.
(/usr/share/texmf/tex/latex/base/article.cls
Document Class: article 2007/10/19 v1.4h Standard LaTeX document class
(/usr/share/texmf/tex/latex/base/size11.clo
File: size11.clo 2007/10/19 v1.4h Standard LaTeX file (size option)
)
\c@part=\count79
\c@section=\count80
\c@subsection=\count81
\c@subsubsection=\count82
\c@paragraph=\count83
\c@subparagraph=\count84
\c@figure=\count85
\c@table=\count86
\abovecaptionskip=\skip41
\belowcaptionskip=\skip42
\bibindent=\dimen102
)
(/usr/share/texmf/tex/latex/graphics/graphicx.sty
Package: graphicx 1999/02/16 v1.0f Enhanced LaTeX Graphics (DPC,SPQR)

(/usr/share/texmf/tex/latex/graphics/keyval.sty
Package: keyval 1999/03/16 v1.13 key=value parser (DPC)
\KV@toks@=\toks14
)
(/usr/share/texmf/tex/latex/graphics/graphics.sty
Package: graphics 2009/02/05 v1.0o Standard LaTeX Graphics (DPC,SPQR)

(/usr/share/texmf/tex/latex/graphics/trig.sty
Package: trig 1999/03/16 v1.09 sin cos tan (DPC)
)
(/usr/share/texmf/tex/latex/latexconfig/graphics.cfg
File: graphics.cfg 2010/04/23 v1.9 graphics configuration of TeX Live
)
Package graphics Info: Driver file: pdftex.def on input line 91.

(/usr/share/texmf/tex/latex/pdftex-def/pdftex.def
File: pdftex.def 2011/05/27 v0.06d Graphics/color for pdfTeX

(/usr/share/texmf/tex/generic/oberdiek/infwarerr.sty
Package: infwarerr 2010/04/08 v1.3 Providing info/warning/error messages (HO)
)
(/usr/share/texmf/tex/generic/oberdiek/ltxcmds.sty
Package: ltxcmds 2011/11/09 v1.22 LaTeX kernel commands for general use (HO)
)
\Gread@gobject=\count87
))
\Gin@req@height=\dimen103
\Gin@req@width=\dimen104
)
(/usr/share/texmf/tex/latex/float/float.sty
Package: float 2001/11/08 v1.3d Float enhancements (AL)
\c@float@type=\count88
\float@exts=\toks15
\float@box=\box26
\@float@everytoks=\toks16
\@floatcapt=\box27
)
(/usr/share/texmf/tex/latex/hyperref/hyperref.sty
Package: hyperref 2012/11/06 v6.83m Hypertext links for LaTeX

(/usr/share/texmf/tex/generic/oberdiek/hobsub-hyperref.sty
Package: hobsub-hyperref 2012/05/28 v1.13 Bundle oberdiek, subset hyperref (HO)


(/usr/share/texmf/tex/generic/oberdiek/hobsub-generic.sty
Package: hobsub-generic 2012/05/28 v1.13 Bundle oberdiek, subset generic (HO)
Package: hobsub 2012/05/28 v1.13 Construct package bundles (HO)
Package hobsub Info: Skipping package `infwarerr' (already loaded).
Package hobsub Info: Skipping package `ltxcmds' (already loaded).
Package: ifluatex 2010/03/01 v1.3 Provides the ifluatex switch (HO)
Package ifluatex Info: LuaTeX not detected.
Package: ifvtex 2010/03/01 v1.5 Detect VTeX and its facilities (HO)
Package ifvtex Info: VTeX not detected.
Package: intcalc 2007/09/27 v1.1 Expandable calculations with integers (HO)
Package: ifpdf 2011/01/30 v2.3 Provides the ifpdf switch (HO)
Package ifpdf Info: pdfTeX in PDF mode is detected.
Package: etexcmds 2011/02/16 v1.5 Avoid name clashes with e-TeX commands (HO)
Package etexcmds Info: Could not find \expanded.
(etexcmds)             That can mean that you are not using pdfTeX 1.50 or
(etexcmds)             that some package has redefined \expanded.
(etexcmds)             In the latter case, load this package earlier.
Package: kvsetkeys 2012/04/25 v1.16 Key value parser (HO)
Package: kvdefinekeys 2011/04/07 v1.3 Define keys (HO)
Package: pdftexcmds 2011/11/29 v0.20 Utility functions of pdfTeX for LuaTeX (HO
)
Package pdftexcmds Info: LuaTeX not detected.
Package pdftexcmds Info: \pdf@primitive is available.
Package pdftexcmds Info: \pdf@ifprimitive is available.
Package pdftexcmds Info: \pdfdraftmode found.
Package: pdfescape 2011/11/25 v1.13 Implements pdfTeX's escape features (HO)
Package: bigintcalc 2012/04/08 v1.3 Expandable calculations on big integers (HO
)
Package: bitset 2011/01/30 v1.1 Handle bit-vector datatype (HO)
Package: uniquecounter 2011/01/30 v1.2 Provide unlimited unique counter (HO)
)
Package hobsub Info: Skipping package `hobsub' (already loaded).
Package: letltxmacro 2010/09/02 v1.4 Let assignment for LaTeX macros (HO)
Package: hopatch 2012/05/28 v1.2 Wrapper for package hooks (HO)
Package: xcolor-patch 2011/01/30 xcolor patch
Package: atveryend 2011/06/30 v1.8 Hooks at the very end of document (HO)
Package atveryend Info: \enddocument detected (standard20110627).
Package: atbegshi 2011/10/05 v1.16 At begin shipout hook (HO)
Package: refcount 2011/10/16 v3.4 Data extraction from label references (HO)
Package: hycolor 2011/01/30 v1.7 Color options for hyperref/bookmark (HO)
)
(/usr/share/texmf/tex/generic/ifxetex/ifxetex.sty
Package: ifxetex 2010/09/12 v0.6 Provides ifxetex conditional
)
(/usr/share/texmf/tex/latex/oberdiek/auxhook.sty
Package: auxhook 2011/03/04 v1.3 Hooks for auxiliary files (HO)
)
(/usr/share/texmf/tex/latex/oberdiek/kvoptions.sty
Package: kvoptions 2011/06/30 v3.11 Key value format for package options (HO)
)
\@linkdim=\dimen105
\Hy@linkcounter=\count89
\Hy@pagecounter=\count90

(/usr/share/texmf/tex/latex/hyperref/pd1enc.def
File: pd1enc.def 2012/11/06 v6.83m Hyperref: PDFDocEncoding definition (HO)
)
\Hy@SavedSpaceFactor=\count91

(/usr/share/texmf/tex/latex/latexconfig/hyperref.cfg
File: hyperref.cfg 2002/06/06 v1.2 hyperref configuration of TeXLive
)
Package hyperref Info: Hyper figures OFF on input line 4443.
Package hyperref Info: Link nesting OFF on input line 4448.
Package hyperref Info: Hyper index ON on input line 4451.
Package hyperref Info: Plain pages OFF on input line 4458.
Package hyperref Info: Backreferencing OFF on input line 4463.
Package hyperref Info: Implicit mode ON; LaTeX internals redefined.
Package hyperref Info: Bookmarks ON on input line 4688.
\c@Hy@tempcnt=\count92

(/usr/share/texmf/tex/latex/url/url.sty
\Urlmuskip=\muskip10
Package: url 2006/04/12  ver 3.3  Verb mode for urls, etc.
)
LaTeX Info: Redefining \url on input line 5041.
\XeTeXLinkMargin=\dimen106
\Fld@menulength=\count93
\Field@Width=\dimen107
\Fld@charsize=\dimen108
Package hyperref Info: Hyper figures OFF on input line 6295.
Package hyperref Info: Link nesting OFF on input line 6300.
Package hyperref Info: Hyper index ON on input line 6303.
Package hyperref Info: backreferencing OFF on input line 6310.
Package hyperref Info: Link coloring OFF on input line 6315.
Package hyperref Info: Link coloring with OCG OFF on input line 6320.
Package hyperref Info: PDF/A mode OFF on input line 6325.
LaTeX Info: Redefining \ref on input line 6365.
LaTeX Info: Redefining \pageref on input line 6369.
\Hy@abspage=\count94
\c@Item=\count95
\c@Hfootnote=\count96
)

Package hyperref Message: Driver (autodetected): hpdftex.

(/usr/share/texmf/tex/latex/hyperref/hpdftex.def
File: hpdftex.def 2012/11/06 v6.83m Hyperref driver for pdfTeX
\Fld@listcount=\count97
\c@bookmark@seq@number=\count98

(/usr/share/texmf/tex/latex/oberdiek/rerunfilecheck.sty
Package: rerunfilecheck 2011/04/15 v1.7 Rerun checks for auxiliary files (HO)
Package uniquecounter Info: New unique counter `rerunfilecheck' on input line 2
82.
)
\Hy@SectionHShift=\skip43
)
Package hyperref Info: Option `colorlinks' set `true' on input line 10.
 (./lab7.aux)
\openout1 = `lab7.aux'.

LaTeX Font Info:    Checking defaults for OML/cmm/m/it on input line 21.
LaTeX Font Info:    ... okay on input line 21.
LaTeX Font Info:    Checking defaults for T1/cmr/m/n on input line 21.
LaTeX Font Info:    ... okay on input line 21.
LaTeX Font Info:    Checking defaults for OT1/cmr/m/n on input line 21.
LaTeX Font Info:    ... okay on input line 21.
LaTeX Font Info:    Checking defaults for OMS/cmsy/m/n on input line 21.
LaTeX Font Info:    ... okay on input line 21.
LaTeX Font Info:    Checking defaults for OMX/cmex/m/n on input line 21.
LaTeX Font Info:    ... okay on input line 21.
LaTeX Font Info:    Checking defaults for U/cmr/m/n on input line 21.
LaTeX Font Info:    ... okay on input line 21.
LaTeX Font Info:    Checking defaults for PD1/pdf/m/n on input line 21.
LaTeX Font Info:    ... okay on input line 21.

(/usr/share/texmf/tex/context/base/supp-pdf.mkii
[Loading MPS to PDF converter (version 2006.09.02).]
\scratchcounter=\count99
\scratchdimen=\dimen109
\scratchbox=\box28
\nofMPsegments=\count100
\nofMParguments=\count101
\everyMPshowfont=\toks17
\MPscratchCnt=\count102
\MPscratchDim=\dimen110
\MPnumerator=\count103
\makeMPintoPDFobject=\count104
\everyMPtoPDFconversion=\toks18
) (/usr/share/texmf/tex/latex/oberdiek/epstopdf-base.sty
Package: epstopdf-base 2010/02/09 v2.5 Base part for package epstopdf

(/usr/share/texmf/tex/latex/oberdiek/grfext.sty
Package: grfext 2010/08/19 v1.1 Manage graphics extensions (HO)
)
Package grfext Info: Graphics extension search list:
(grfext)             [.png,.pdf,.jpg,.mps,.jpeg,.jbig2,.jb2,.PNG,.PDF,.JPG,.JPE
G,.JBIG2,.JB2,.eps]
(grfext)             \AppendGraphicsExtensions on input line 452.

(/usr/share/texmf/tex/latex/latexconfig/epstopdf-sys.cfg
File: epstopdf-sys.cfg 2010/07/13 v1.3 Configuration of (r)epstopdf for TeX Liv
e
))
\AtBeginShipoutBox=\box29

(/usr/share/texmf/tex/latex/graphics/color.sty
Package: color 2005/11/14 v1.0j Standard LaTeX Color (DPC)

(/usr/share/texmf/tex/latex/latexconfig/color.cfg
File: color.cfg 2007/01/18 v1.5 color configuration of teTeX/TeXLive
)
Package color Info: Driver file: pdftex.def on input line 130.
)
Package hyperref Info: Link coloring ON on input line 21.

(/usr/share/texmf/tex/latex/hyperref/nameref.sty
Package: nameref 2012/10/27 v2.43 Cross-referencing by name of section

(/usr/share/texmf/tex/generic/oberdiek/gettitlestring.sty
Package: gettitlestring 2010/12/03 v1.4 Cleanup title references (HO)
)
\c@section@level=\count105
)
LaTeX Info: Redefining \ref on input line 21.
LaTeX Info: Redefining \pageref on input line 21.
LaTeX Info: Redefining \nameref on input line 21.
 (./lab7.out)
(./lab7.out)
\@outlinefile=\write3
\openout3 = `lab7.out'.

LaTeX Font Info:    External font `cmex10' loaded for size
(Font)              <12> on input line 37.
LaTeX Font Info:    External font `cmex10' loaded for size
(Font)              <8> on input line 37.
LaTeX Font Info:    External font `cmex10' loaded for size
(Font)              <6> on input line 37.
LaTeX Font Info:    External font `cmex10' loaded for size
(Font)              <7> on input line 58.
LaTeX Font Info:    External font `cmex10' loaded for size
(Font)              <5> on input line 58.

Underfull \hbox (badness 10000) in paragraph at lines 56--61

 []


Overfull \hbox (54.75012pt too wide) in paragraph at lines 56--61
[] 
 []


Underfull \hbox (badness 10000) in paragraph at lines 56--61

 []


Overfull \hbox (54.75012pt too wide) in paragraph at lines 56--61
[] 
 []


Underfull \hbox (badness 10000) in paragraph at lines 56--61

 []


Underfull \hbox (badness 10000) in paragraph at lines 73--81

 []


Overfull \hbox (54.75012pt too wide) in paragraph at lines 73--81
[]
 []


Overfull \hbox (54.75012pt too wide) in paragraph at lines 73--81
[] 
 []


Underfull \hbox (badness 10000) in paragraph at lines 73--81

 []

[1

{/usr/share/texmf/fonts/map/pdftex/updmap/pdftex.map}]
Underfull \hbox (badness 10000) in paragraph at lines 101--103

 []


! LaTeX Error: There's no line here to end.

See the LaTeX manual or LaTeX Companion for explanation.
Type  H <return>  for immediate help.
 ...                                              
                                                  
l.105 \centerline
                 {$k_{2} = dt * f( t+dt/2 , y(t)+k_{1}/2)$}\\
Your command was ignored.
Type  I <command> <return>  to replace it with another command,
or  <return>  to continue without it.


! LaTeX Error: There's no line here to end.

See the LaTeX manual or LaTeX Companion for explanation.
Type  H <return>  for immediate help.
 ...                                              
                                                  
l.106 \centerline
                 {$k_{3} = dt * f( t+dt/2 , y(t)+k_{2}/2)$}\\
Your command was ignored.
Type  I <command> <return>  to replace it with another command,
or  <return>  to continue without it.


! LaTeX Error: There's no line here to end.

See the LaTeX manual or LaTeX Companion for explanation.
Type  H <return>  for immediate help.
 ...                                              
                                                  
l.107 \centerline
                 {$k_{4} = dt * f( t+dt , y(t)+k_{3})$}\\\\
Your command was ignored.
Type  I <command> <return>  to replace it with another command,
or  <return>  to continue without it.


! LaTeX Error: There's no line here to end.

See the LaTeX manual or LaTeX Companion for explanation.
Type  H <return>  for immediate help.
 ...                                              
                                                  
l.107 ...$k_{4} = dt * f( t+dt , y(t)+k_{3})$}\\\\
                                                  
Your command was ignored.
Type  I <command> <return>  to replace it with another command,
or  <return>  to continue without it.


! LaTeX Error: There's no line here to end.

See the LaTeX manual or LaTeX Companion for explanation.
Type  H <return>  for immediate help.
 ...                                              
                                                  
l.108 
      
Your command was ignored.
Type  I <command> <return>  to replace it with another command,
or  <return>  to continue without it.

[2] <Euler_1.png, id=52, 702.625pt x 526.96875pt>
File: Euler_1.png Graphic file (type png)
 <use Euler_1.png>
Package pdftex.def Info: Euler_1.png used on input line 144.
(pdftex.def)             Requested size: 216.81pt x 162.60277pt.

<Euler_10.png, id=53, 702.625pt x 526.96875pt>
File: Euler_10.png Graphic file (type png)
 <use Euler_10.png>
Package pdftex.def Info: Euler_10.png used on input line 144.
(pdftex.def)             Requested size: 216.81pt x 162.60277pt.

<Euler_100.png, id=54, 702.625pt x 526.96875pt>
File: Euler_100.png Graphic file (type png)
 <use Euler_100.png>
Package pdftex.def Info: Euler_100.png used on input line 145.
(pdftex.def)             Requested size: 216.81pt x 162.60277pt.

<Euler_300.png, id=55, 702.625pt x 526.96875pt>
File: Euler_300.png Graphic file (type png)
 <use Euler_300.png>
Package pdftex.def Info: Euler_300.png used on input line 145.
(pdftex.def)             Requested size: 216.81pt x 162.60277pt.

<RK2_harmonic_1ms.png, id=56, 702.625pt x 526.96875pt>
File: RK2_harmonic_1ms.png Graphic file (type png)

<use RK2_harmonic_1ms.png>
Package pdftex.def Info: RK2_harmonic_1ms.png used on input line 150.
(pdftex.def)             Requested size: 216.81pt x 162.60277pt.

<RK2_harmonic_10ms.png, id=57, 702.625pt x 526.96875pt>
File: RK2_harmonic_10ms.png Graphic file (type png)

<use RK2_harmonic_10ms.png>
Package pdftex.def Info: RK2_harmonic_10ms.png used on input line 150.
(pdftex.def)             Requested size: 216.81pt x 162.60277pt.

<RK2_harmonic_100ms.png, id=58, 702.625pt x 526.96875pt>
File: RK2_harmonic_100ms.png Graphic file (type png)

<use RK2_harmonic_100ms.png>
Package pdftex.def Info: RK2_harmonic_100ms.png used on input line 151.
(pdftex.def)             Requested size: 216.81pt x 162.60277pt.

<RK2_harmonic_300ms.png, id=59, 702.625pt x 526.96875pt>
File: RK2_harmonic_300ms.png Graphic file (type png)

<use RK2_harmonic_300ms.png>
Package pdftex.def Info: RK2_harmonic_300ms.png used on input line 151.
(pdftex.def)             Requested size: 216.81pt x 162.60277pt.
 [3 <./Euler_1.png> <./Euler_10.png> <./Euler_100.png> <./Euler_300.png>] <RK4_
10.png, id=67, 702.625pt x 526.96875pt>
File: RK4_10.png Graphic file (type png)

<use RK4_10.png>
Package pdftex.def Info: RK4_10.png used on input line 156.
(pdftex.def)             Requested size: 216.81pt x 162.60277pt.
File: RK4_10.png Graphic file (type png)
 <use RK4_10.png>
Package pdftex.def Info: RK4_10.png used on input line 156.
(pdftex.def)             Requested size: 216.81pt x 162.60277pt.

<RK4_100.png, id=68, 702.625pt x 526.96875pt>
File: RK4_100.png Graphic file (type png)
 <use RK4_100.png>
Package pdftex.def Info: RK4_100.png used on input line 157.
(pdftex.def)             Requested size: 216.81pt x 162.60277pt.

<RK4_300.png, id=69, 702.625pt x 526.96875pt>
File: RK4_300.png Graphic file (type png)
 <use RK4_300.png>
Package pdftex.def Info: RK4_300.png used on input line 157.
(pdftex.def)             Requested size: 216.81pt x 162.60277pt.
 [4 <./RK2_harmonic_1ms.png> <./RK2_harmonic_10ms.png> <./RK2_harmonic_100ms.pn
g> <./RK2_harmonic_300ms.png>] <inset1.png, id=75, 642.4pt x 481.8pt>
File: inset1.png Graphic file (type png)
 <use inset1.png>
Package pdftex.def Info: inset1.png used on input line 162.
(pdftex.def)             Requested size: 216.81pt x 162.60416pt.

<inset10.png, id=76, 642.4pt x 481.8pt>
File: inset10.png Graphic file (type png)
 <use inset10.png>
Package pdftex.def Info: inset10.png used on input line 162.
(pdftex.def)             Requested size: 216.81pt x 162.60416pt.

<inset100.png, id=77, 642.4pt x 481.8pt>
File: inset100.png Graphic file (type png)
 <use inset100.png>
Package pdftex.def Info: inset100.png used on input line 163.
(pdftex.def)             Requested size: 216.81pt x 162.60416pt.

<inset300.png, id=78, 642.4pt x 481.8pt>
File: inset300.png Graphic file (type png)
 <use inset300.png>
Package pdftex.def Info: inset300.png used on input line 163.
(pdftex.def)             Requested size: 216.81pt x 162.60416pt.
 [5 <./RK4_10.png> <./RK4_100.png> <./RK4_300.png>]
<energyconservinsetharmosc.png, id=84, 642.4pt x 481.8pt>
File: energyconservinsetharmosc.png Graphic file (type png)

<use energyconservinsetharmosc.png>
Package pdftex.def Info: energyconservinsetharmosc.png used on input line 170.
(pdftex.def)             Requested size: 271.0125pt x 203.26622pt.
 [6 <./inset1.png> <./inset10.png> <./inset100.png> <./inset300.png>] <penrk4_1
.png, id=94, 702.625pt x 526.96875pt>
File: penrk4_1.png Graphic file (type png)

<use penrk4_1.png>
Package pdftex.def Info: penrk4_1.png used on input line 177.
(pdftex.def)             Requested size: 216.81pt x 162.60277pt.
 <penrk4_10.png, id=95, 702.625pt x 526.96875pt>
File: penrk4_10.png Graphic file (type png)

<use penrk4_10.png>
Package pdftex.def Info: penrk4_10.png used on input line 177.
(pdftex.def)             Requested size: 216.81pt x 162.60277pt.
 <penrk4_100.png, id=96, 702.625pt x 526.96875pt>
File: penrk4_100.png Graphic file (type png)

<use penrk4_100.png>
Package pdftex.def Info: penrk4_100.png used on input line 178.
(pdftex.def)             Requested size: 216.81pt x 162.60277pt.
 <penrk4_300.png, id=97, 702.625pt x 526.96875pt>
File: penrk4_300.png Graphic file (type png)

<use penrk4_300.png>
Package pdftex.def Info: penrk4_300.png used on input line 178.
(pdftex.def)             Requested size: 216.81pt x 162.60277pt.
 [7 <./energyconservinsetharmosc.png>]
<penx1.png, id=105, 702.625pt x 526.96875pt>
File: penx1.png Graphic file (type png)
 <use penx1.png>
Package pdftex.def Info: penx1.png used on input line 183.
(pdftex.def)             Requested size: 216.81pt x 162.60277pt.

<penx10.png, id=106, 702.625pt x 526.96875pt>
File: penx10.png Graphic file (type png)
 <use penx10.png>
Package pdftex.def Info: penx10.png used on input line 183.
(pdftex.def)             Requested size: 216.81pt x 162.60277pt.

<penx100.png, id=107, 702.625pt x 526.96875pt>
File: penx100.png Graphic file (type png)
 <use penx100.png>
Package pdftex.def Info: penx100.png used on input line 184.
(pdftex.def)             Requested size: 216.81pt x 162.60277pt.

<penx300.png, id=108, 702.625pt x 526.96875pt>
File: penx300.png Graphic file (type png)
 <use penx300.png>
Package pdftex.def Info: penx300.png used on input line 184.
(pdftex.def)             Requested size: 216.81pt x 162.60277pt.
 [8 <./penrk4_1.png> <./penrk4_10.png> <./penrk4_100.png> <./penrk4_300.png>]
<penv1.png, id=114, 702.625pt x 526.96875pt>
File: penv1.png Graphic file (type png)
 <use penv1.png>
Package pdftex.def Info: penv1.png used on input line 189.
(pdftex.def)             Requested size: 216.81pt x 162.60277pt.

<penv10.png, id=115, 702.625pt x 526.96875pt>
File: penv10.png Graphic file (type png)
 <use penv10.png>
Package pdftex.def Info: penv10.png used on input line 189.
(pdftex.def)             Requested size: 216.81pt x 162.60277pt.

<penv100.png, id=116, 702.625pt x 526.96875pt>
File: penv100.png Graphic file (type png)
 <use penv100.png>
Package pdftex.def Info: penv100.png used on input line 190.
(pdftex.def)             Requested size: 216.81pt x 162.60277pt.

<penv300.png, id=117, 702.625pt x 526.96875pt>
File: penv300.png Graphic file (type png)
 <use penv300.png>
Package pdftex.def Info: penv300.png used on input line 190.
(pdftex.def)             Requested size: 216.81pt x 162.60277pt.

! Misplaced alignment tab character &.
<argument> ...locity vs time comparisison of RK4 &
                                                   Euler methods for a large...
l.191 ...100ms, Bottom Right: 300ms \label{fig8}}}
                                                  
I can't figure out why you would want to use a tab mark
here. If you just want an ampersand, the remedy is
simple: Just type `I\&' now. But if some right brace
up above has ended a previous alignment prematurely,
you're probably due for more error messages, and you
might try typing `S' now just to see what is salvageable.

! Misplaced alignment tab character &.
<argument> ...locity vs time comparisison of RK4 &
                                                   Euler methods for a large...
l.191 ...100ms, Bottom Right: 300ms \label{fig8}}}
                                                  
I can't figure out why you would want to use a tab mark
here. If you just want an ampersand, the remedy is
simple: Just type `I\&' now. But if some right brace
up above has ended a previous alignment prematurely,
you're probably due for more error messages, and you
might try typing `S' now just to see what is salvageable.

[9 <./penx1.png> <./penx10.png> <./penx100.png> <./penx300.png>]
<energyconservinsetpen.png, id=123, 642.4pt x 481.8pt>
File: energyconservinsetpen.png Graphic file (type png)

<use energyconservinsetpen.png>
Package pdftex.def Info: energyconservinsetpen.png used on input line 196.
(pdftex.def)             Requested size: 271.0125pt x 203.26622pt.
 [10 <./penv1.png> <./penv10.png> <./penv100.png> <./penv300.png>] <penrk4_ener
gy.png, id=129, 702.625pt x 526.96875pt>
File: penrk4_energy.png Graphic file (type png)

<use penrk4_energy.png>
Package pdftex.def Info: penrk4_energy.png used on input line 203.
(pdftex.def)             Requested size: 271.0125pt x 203.26553pt.
 <penperiod.png, id=130, 702.625pt x 526.96875pt>
File: penperiod.png Graphic file (type png)

<use penperiod.png>
Package pdftex.def Info: penperiod.png used on input line 210.
(pdftex.def)             Requested size: 271.0125pt x 203.26553pt.
 [11 <./energyconservinsetpen.png> <./penrk4_energy.png>]
[12 <./penperiod.png>] <penRK4drag0.png, id=143, 702.625pt x 526.96875pt>
File: penRK4drag0.png Graphic file (type png)

<use penRK4drag0.png>
Package pdftex.def Info: penRK4drag0.png used on input line 274.
(pdftex.def)             Requested size: 216.81pt x 162.60277pt.
 <RK4pendrag.png, id=144, 702.625pt x 526.96875pt>
File: RK4pendrag.png Graphic file (type png)

<use RK4pendrag.png>
Package pdftex.def Info: RK4pendrag.png used on input line 274.
(pdftex.def)             Requested size: 216.81pt x 162.60277pt.
 <penRK4drage.png, id=145, 702.625pt x 526.96875pt>
File: penRK4drage.png Graphic file (type png)

<use penRK4drage.png>
Package pdftex.def Info: penRK4drage.png used on input line 275.
(pdftex.def)             Requested size: 216.81pt x 162.60277pt.
 <penRK4drag6.png, id=146, 702.625pt x 526.96875pt>
File: penRK4drag6.png Graphic file (type png)

<use penRK4drag6.png>
Package pdftex.def Info: penRK4drag6.png used on input line 275.
(pdftex.def)             Requested size: 216.81pt x 162.60277pt.
 [13]
Underfull \hbox (badness 10000) in paragraph at lines 291--294

 []

[14 <./penRK4drag0.png> <./RK4pendrag.png> <./penRK4drage.png> <./penRK4drag6.p
ng>]

! LaTeX Error: There's no line here to end.

See the LaTeX manual or LaTeX Companion for explanation.
Type  H <return>  for immediate help.
 ...                                              
                                                  
l.297 \bibitem
              {calling} Allain, Alex. "Programs as Data: Function Pointers."...

Your command was ignored.
Type  I <command> <return>  to replace it with another command,
or  <return>  to continue without it.

Package atveryend Info: Empty hook `BeforeClearDocument' on input line 308.
[15]
Package atveryend Info: Empty hook `AfterLastShipout' on input line 308.
 (./lab7.aux)
Package atveryend Info: Executing hook `AtVeryEndDocument' on input line 308.
Package atveryend Info: Executing hook `AtEndAfterFileList' on input line 308.
Package rerunfilecheck Info: File `lab7.out' has not changed.
(rerunfilecheck)             Checksum: BF410FA213D581B89C03B90C1C2F4BF6;280.


LaTeX Warning: Label(s) may have changed. Rerun to get cross-references right.

Package atveryend Info: Empty hook `AtVeryVeryEnd' on input line 308.
 ) 
Here is how much of TeX's memory you used:
 5412 strings out of 493315
 79564 string characters out of 6145894
 164573 words of memory out of 5000000
 8758 multiletter control sequences out of 15000+600000
 9448 words of font info for 33 fonts, out of 8000000 for 9000
 957 hyphenation exceptions out of 8191
 29i,6n,28p,757b,433s stack positions out of 5000i,500n,10000p,200000b,80000s
</usr/share/texmf/fonts/type1/public/amsfonts/cm/cmbx10.pfb></usr/share/texmf
/fonts/type1/public/amsfonts/cm/cmbx12.pfb></usr/share/texmf/fonts/type1/public
/amsfonts/cm/cmmi10.pfb></usr/share/texmf/fonts/type1/public/amsfonts/cm/cmmi7.
pfb></usr/share/texmf/fonts/type1/public/amsfonts/cm/cmr10.pfb></usr/share/texm
f/fonts/type1/public/amsfonts/cm/cmr12.pfb></usr/share/texmf/fonts/type1/public
/amsfonts/cm/cmr17.pfb></usr/share/texmf/fonts/type1/public/amsfonts/cm/cmr7.pf
b></usr/share/texmf/fonts/type1/public/amsfonts/cm/cmsy10.pfb></usr/share/texmf
/fonts/type1/public/amsfonts/cm/cmti10.pfb></usr/share/texmf/fonts/type1/public
/amsfonts/cm/cmti12.pfb></usr/share/texmf/fonts/type1/public/amsfonts/cm/cmtt10
.pfb>
Output written on lab7.pdf (15 pages, 1936398 bytes).
PDF statistics:
 221 PDF objects out of 1000 (max. 8388607)
 149 compressed objects within 2 object streams
 45 named destinations out of 1000 (max. 500000)
 224 words of extra memory for PDF output out of 10000 (max. 10000000)

